<?xml version="1.0" encoding="UTF-8"?>
<!-- Generated by org.testng.reporters.JUnitReportReporter -->
<testsuite hostname="DESKTOP-0C5TRFI" failures="0" tests="4" name="com.demoblaze.test.NewTest" time="15.867" errors="0" timestamp="2024-08-10T02:42:49 AST" skipped="0">
  <testcase classname="com.demoblaze.test.NewTest" name="navigateToHomePage" time="0.140"/>
  <testcase classname="com.demoblaze.test.NewTest" name="user_Login" time="2.754"/>
  <testcase classname="com.demoblaze.test.NewTest" name="addProductToCart" time="5.063"/>
  <testcase classname="com.demoblaze.test.NewTest" name="placeOrder" time="7.910"/>
</testsuite> <!-- com.demoblaze.test.NewTest -->
